<?xml version="1.0" encoding="UTF-8"?>
<!-- Generated by org.testng.reporters.JUnitReportReporter -->
<testsuite hostname="TL282" failures="0" tests="1" name="com.automationframeworks.selenium_testng_java.SauceDemoTest" time="4.500" errors="0" timestamp="2025-09-29T12:26:03 IST" skipped="0">
  <testcase classname="com.automationframeworks.selenium_testng_java.SauceDemoTest" name="verifyProductPurchase" time="4.500"/>
</testsuite> <!-- com.automationframeworks.selenium_testng_java.SauceDemoTest -->
