<?xml version="1.0" encoding="UTF-8"?>
<testng-results ignored="0" total="1" passed="1" failed="0" skipped="0">
  <reporter-output>
  </reporter-output>
  <suite started-at="2025-09-29T12:25:52 IST" name="Default suite" finished-at="2025-09-29T12:26:03 IST" duration-ms="10162">
    <groups>
    </groups>
    <test started-at="2025-09-29T12:25:52 IST" name="Default test" finished-at="2025-09-29T12:26:03 IST" duration-ms="10162">
      <class name="com.automationframeworks.selenium_testng_java.SauceDemoTest">
        <test-method is-config="true" signature="setup(java.lang.String)[pri:0, instance:com.automationframeworks.selenium_testng_java.SauceDemoTest@3016fd5e]" started-at="2025-09-29T12:25:52 IST" name="setup" finished-at="2025-09-29T12:25:57 IST" duration-ms="4824" status="PASS">
          <params>
            <param index="0">
              <value>
                <![CDATA[chrome]]>
              </value>
            </param>
          </params>
          <reporter-output>
          </reporter-output>
        </test-method> <!-- setup -->
        <test-method is-config="true" signature="setup()[pri:0, instance:com.automationframeworks.selenium_testng_java.SauceDemoTest@3016fd5e]" started-at="2025-09-29T12:25:57 IST" name="setup" finished-at="2025-09-29T12:25:58 IST" duration-ms="293" status="PASS">
          <reporter-output>
          </reporter-output>
        </test-method> <!-- setup -->
        <test-method signature="verifyProductPurchase()[pri:0, instance:com.automationframeworks.selenium_testng_java.SauceDemoTest@3016fd5e]" started-at="2025-09-29T12:25:58 IST" name="verifyProductPurchase" finished-at="2025-09-29T12:26:02 IST" duration-ms="4207" status="PASS">
          <reporter-output>
          </reporter-output>
        </test-method> <!-- verifyProductPurchase -->
        <test-method is-config="true" signature="tearDown()[pri:0, instance:com.automationframeworks.selenium_testng_java.SauceDemoTest@3016fd5e]" started-at="2025-09-29T12:26:02 IST" name="tearDown" finished-at="2025-09-29T12:26:03 IST" duration-ms="741" status="PASS">
          <reporter-output>
          </reporter-output>
        </test-method> <!-- tearDown -->
      </class> <!-- com.automationframeworks.selenium_testng_java.SauceDemoTest -->
    </test> <!-- Default test -->
  </suite> <!-- Default suite -->
</testng-results>
